# Logfile created on 2013-12-27 00:42:00 -0200 by logger.rb/44203
E, [2013-12-27T00:42:00.140797 #50454] ERROR -- : Bundler::GemNotFound: Could not find json-1.8.1.gem for installation
/Users/alanmesquita/.rvm/gems/ruby-2.1.0/gems/bundler-1.5.0/lib/bundler/source/rubygems.rb:149:in `cached_gem'  \n/Users/alanmesquita/.rvm/gems/ruby-2.1.0/gems/bundler-1.5.0/lib/bundler/source/rubygems.rb:84:in `install'  \n/Users/alanmesquita/.rvm/gems/ruby-2.1.0/gems/bundler-1.5.0/lib/bundler/installer.rb:111:in `block in install_gem_from_spec'  \n/Users/alanmesquita/.rvm/gems/ruby-2.1.0/gems/bundler-1.5.0/lib/bundler/rubygems_integration.rb:150:in `with_build_args'  \n/Users/alanmesquita/.rvm/gems/ruby-2.1.0/gems/bundler-1.5.0/lib/bundler/installer.rb:110:in `install_gem_from_spec'  \n/Users/alanmesquita/.rvm/gems/ruby-2.1.0/gems/bundler-1.5.0/lib/bundler/installer.rb:295:in `block in install_sequentially'  \n/Users/alanmesquita/.rvm/rubies/ruby-2.1.0/lib/ruby/2.1.0/forwardable.rb:183:in `each'  \n/Users/alanmesquita/.rvm/rubies/ruby-2.1.0/lib/ruby/2.1.0/forwardable.rb:183:in `each'  \n/Users/alanmesquita/.rvm/gems/ruby-2.1.0/gems/bundler-1.5.0/lib/bundler/installer.rb:294:in `install_sequentially'  \n/Users/alanmesquita/.rvm/gems/ruby-2.1.0/gems/bundler-1.5.0/lib/bundler/installer.rb:97:in `run'  \n/Users/alanmesquita/.rvm/gems/ruby-2.1.0/gems/bundler-1.5.0/lib/bundler/installer.rb:15:in `install'  \n/Users/alanmesquita/.rvm/gems/ruby-2.1.0/gems/bundler-1.5.0/lib/bundler/cli.rb:257:in `install'  \n/Users/alanmesquita/.rvm/gems/ruby-2.1.0/gems/bundler-1.5.0/lib/bundler/vendor/thor/command.rb:27:in `run'  \n/Users/alanmesquita/.rvm/gems/ruby-2.1.0/gems/bundler-1.5.0/lib/bundler/vendor/thor/invocation.rb:120:in `invoke_command'  \n/Users/alanmesquita/.rvm/gems/ruby-2.1.0/gems/bundler-1.5.0/lib/bundler/vendor/thor.rb:363:in `dispatch'  \n/Users/alanmesquita/.rvm/gems/ruby-2.1.0/gems/bundler-1.5.0/lib/bundler/vendor/thor/base.rb:438:in `start'  \n/Users/alanmesquita/.rvm/gems/ruby-2.1.0/gems/bundler-1.5.0/lib/bundler/cli.rb:10:in `start'  \n/Users/alanmesquita/.rvm/gems/ruby-2.1.0/gems/bundler-1.5.0/bin/bundle:22:in `block in <top (required)>'  \n/Users/alanmesquita/.rvm/gems/ruby-2.1.0/gems/bundler-1.5.0/lib/bundler/friendly_errors.rb:5:in `with_friendly_errors'  \n/Users/alanmesquita/.rvm/gems/ruby-2.1.0/gems/bundler-1.5.0/bin/bundle:22:in `<top (required)>'  \n/Users/alanmesquita/.rvm/gems/ruby-2.1.0/bin/bundle:23:in `load'  \n/Users/alanmesquita/.rvm/gems/ruby-2.1.0/bin/bundle:23:in `<main>'  \n/Users/alanmesquita/.rvm/gems/ruby-2.1.0/bin/ruby_executable_hooks:15:in `eval'  \n/Users/alanmesquita/.rvm/gems/ruby-2.1.0/bin/ruby_executable_hooks:15:in `<main>'
I, [2013-12-27T00:45:51.806374 #50488]  INFO -- : 0:  json (1.8.0) from /Users/alanmesquita/.rvm/gems/ruby-2.1.0/specifications/json-1.8.0.gemspec
I, [2013-12-27T00:45:55.715635 #50488]  INFO -- : 0:  rack (1.5.2) from /Users/alanmesquita/.rvm/gems/ruby-2.1.0/specifications/rack-1.5.2.gemspec
I, [2013-12-27T00:45:58.362172 #50488]  INFO -- : 0:  rack-protection (1.5.1) from /Users/alanmesquita/.rvm/gems/ruby-2.1.0/specifications/rack-protection-1.5.1.gemspec
I, [2013-12-27T00:46:00.588124 #50488]  INFO -- : 0:  tilt (1.4.1) from /Users/alanmesquita/.rvm/gems/ruby-2.1.0/specifications/tilt-1.4.1.gemspec
I, [2013-12-27T00:46:04.400215 #50488]  INFO -- : 0:  sinatra (1.4.4) from /Users/alanmesquita/.rvm/gems/ruby-2.1.0/specifications/sinatra-1.4.4.gemspec
I, [2013-12-27T00:46:04.401428 #50488]  INFO -- : 0:  bundler (1.5.0) from /Users/alanmesquita/.rvm/gems/ruby-2.1.0/specifications/bundler-1.5.0.gemspec
I, [2014-01-02T12:23:49.641670 #1421]  INFO -- : 0:  tilt (1.4.1) from /Users/alanmesquita/.rvm/gems/ruby-2.1.0/specifications/tilt-1.4.1.gemspec
I, [2014-01-02T12:23:52.920731 #1421]  INFO -- : 0:  haml (4.0.4) from /Users/alanmesquita/.rvm/gems/ruby-2.1.0/specifications/haml-4.0.4.gemspec
I, [2014-01-02T12:23:52.921232 #1421]  INFO -- : 0:  json (1.8.0) from /Users/alanmesquita/.rvm/gems/ruby-2.1.0/specifications/json-1.8.0.gemspec
I, [2014-01-02T12:23:52.921534 #1421]  INFO -- : 0:  rack (1.5.2) from /Users/alanmesquita/.rvm/gems/ruby-2.1.0/specifications/rack-1.5.2.gemspec
I, [2014-01-02T12:23:52.921845 #1421]  INFO -- : 0:  rack-protection (1.5.1) from /Users/alanmesquita/.rvm/gems/ruby-2.1.0/specifications/rack-protection-1.5.1.gemspec
I, [2014-01-02T12:23:52.922127 #1421]  INFO -- : 0:  sinatra (1.4.4) from /Users/alanmesquita/.rvm/gems/ruby-2.1.0/specifications/sinatra-1.4.4.gemspec
I, [2014-01-02T12:23:52.922408 #1421]  INFO -- : 0:  bundler (1.5.0) from /Users/alanmesquita/.rvm/gems/ruby-2.1.0/specifications/bundler-1.5.0.gemspec
I, [2014-01-02T15:53:24.217602 #4780]  INFO -- : 0:  tilt (1.4.1) from /Users/alanmesquita/.rvm/gems/ruby-2.1.0/specifications/tilt-1.4.1.gemspec
I, [2014-01-02T15:53:24.237599 #4780]  INFO -- : 0:  haml (4.0.4) from /Users/alanmesquita/.rvm/gems/ruby-2.1.0/specifications/haml-4.0.4.gemspec
I, [2014-01-02T15:53:24.238183 #4780]  INFO -- : 0:  json (1.8.0) from /Users/alanmesquita/.rvm/gems/ruby-2.1.0/specifications/json-1.8.0.gemspec
I, [2014-01-02T15:53:32.061614 #4780]  INFO -- : 0:  mysql2 (0.3.14) from /Users/alanmesquita/.rvm/gems/ruby-2.1.0/specifications/mysql2-0.3.14.gemspec
I, [2014-01-02T15:53:32.062378 #4780]  INFO -- : 0:  rack (1.5.2) from /Users/alanmesquita/.rvm/gems/ruby-2.1.0/specifications/rack-1.5.2.gemspec
I, [2014-01-02T15:53:32.062798 #4780]  INFO -- : 0:  rack-protection (1.5.1) from /Users/alanmesquita/.rvm/gems/ruby-2.1.0/specifications/rack-protection-1.5.1.gemspec
I, [2014-01-02T15:53:32.063145 #4780]  INFO -- : 0:  sinatra (1.4.4) from /Users/alanmesquita/.rvm/gems/ruby-2.1.0/specifications/sinatra-1.4.4.gemspec
I, [2014-01-02T15:53:32.063468 #4780]  INFO -- : 0:  bundler (1.5.0) from /Users/alanmesquita/.rvm/gems/ruby-2.1.0/specifications/bundler-1.5.0.gemspec
I, [2014-01-02T16:37:40.694068 #5857]  INFO -- : 0:  tilt (1.4.1) from /Users/alanmesquita/.rvm/gems/ruby-2.1.0/specifications/tilt-1.4.1.gemspec
I, [2014-01-02T16:37:40.711095 #5857]  INFO -- : 0:  haml (4.0.4) from /Users/alanmesquita/.rvm/gems/ruby-2.1.0/specifications/haml-4.0.4.gemspec
I, [2014-01-02T16:37:40.711985 #5857]  INFO -- : 0:  json (1.8.0) from /Users/alanmesquita/.rvm/gems/ruby-2.1.0/specifications/json-1.8.0.gemspec
E, [2014-01-02T16:37:46.888482 #5857] ERROR -- : Gem::Ext::BuildError: ERROR: Failed to build gem native extension.

    /Users/alanmesquita/.rvm/rubies/ruby-2.1.0/bin/ruby extconf.rb 
checking for mysql_query() in -lmysqlclient... no
checking for main() in -lm... yes
checking for mysql_query() in -lmysqlclient... no
checking for main() in -lz... yes
checking for mysql_query() in -lmysqlclient... no
checking for main() in -lsocket... no
checking for mysql_query() in -lmysqlclient... no
checking for main() in -lnsl... no
checking for mysql_query() in -lmysqlclient... no
checking for main() in -lmygcc... no
checking for mysql_query() in -lmysqlclient... no
*** extconf.rb failed ***
Could not create Makefile due to some reason, probably lack of necessary
libraries and/or headers.  Check the mkmf.log file for more details.  You may
need configuration options.

Provided configuration options:
	--with-opt-dir
	--with-opt-include
	--without-opt-include=${opt-dir}/include
	--with-opt-lib
	--without-opt-lib=${opt-dir}/lib
	--with-make-prog
	--without-make-prog
	--srcdir=.
	--curdir
	--ruby=/Users/alanmesquita/.rvm/rubies/ruby-2.1.0/bin/ruby
	--with-mysql-config
	--without-mysql-config
	--with-mysql-dir
	--without-mysql-dir
	--with-mysql-include
	--without-mysql-include=${mysql-dir}/include
	--with-mysql-lib
	--without-mysql-lib=${mysql-dir}/lib
	--with-mysqlclientlib
	--without-mysqlclientlib
	--with-mlib
	--without-mlib
	--with-mysqlclientlib
	--without-mysqlclientlib
	--with-zlib
	--without-zlib
	--with-mysqlclientlib
	--without-mysqlclientlib
	--with-socketlib
	--without-socketlib
	--with-mysqlclientlib
	--without-mysqlclientlib
	--with-nsllib
	--without-nsllib
	--with-mysqlclientlib
	--without-mysqlclientlib
	--with-mygcclib
	--without-mygcclib
	--with-mysqlclientlib
	--without-mysqlclientlib

extconf failed, exit code 1

Gem files will remain installed in /Users/alanmesquita/.rvm/gems/ruby-2.1.0/gems/mysql-2.9.1 for inspection.
Results logged to /Users/alanmesquita/.rvm/gems/ruby-2.1.0/extensions/x86_64-darwin-12/2.1.0/mysql-2.9.1/gem_make.out

/Users/alanmesquita/.rvm/rubies/ruby-2.1.0/lib/ruby/site_ruby/2.1.0/rubygems/ext/builder.rb:89:in `run'  \n/Users/alanmesquita/.rvm/rubies/ruby-2.1.0/lib/ruby/site_ruby/2.1.0/rubygems/ext/ext_conf_builder.rb:37:in `block in build'  \n/Users/alanmesquita/.rvm/rubies/ruby-2.1.0/lib/ruby/2.1.0/tempfile.rb:324:in `open'  \n/Users/alanmesquita/.rvm/rubies/ruby-2.1.0/lib/ruby/site_ruby/2.1.0/rubygems/ext/ext_conf_builder.rb:17:in `build'  \n/Users/alanmesquita/.rvm/rubies/ruby-2.1.0/lib/ruby/site_ruby/2.1.0/rubygems/ext/builder.rb:161:in `block (2 levels) in build_extension'  \n/Users/alanmesquita/.rvm/rubies/ruby-2.1.0/lib/ruby/site_ruby/2.1.0/rubygems/ext/builder.rb:160:in `chdir'  \n/Users/alanmesquita/.rvm/rubies/ruby-2.1.0/lib/ruby/site_ruby/2.1.0/rubygems/ext/builder.rb:160:in `block in build_extension'  \n/Users/alanmesquita/.rvm/rubies/ruby-2.1.0/lib/ruby/site_ruby/2.1.0/rubygems/ext/builder.rb:159:in `synchronize'  \n/Users/alanmesquita/.rvm/rubies/ruby-2.1.0/lib/ruby/site_ruby/2.1.0/rubygems/ext/builder.rb:159:in `build_extension'  \n/Users/alanmesquita/.rvm/rubies/ruby-2.1.0/lib/ruby/site_ruby/2.1.0/rubygems/ext/builder.rb:198:in `block in build_extensions'  \n/Users/alanmesquita/.rvm/rubies/ruby-2.1.0/lib/ruby/site_ruby/2.1.0/rubygems/ext/builder.rb:195:in `each'  \n/Users/alanmesquita/.rvm/rubies/ruby-2.1.0/lib/ruby/site_ruby/2.1.0/rubygems/ext/builder.rb:195:in `build_extensions'  \n/Users/alanmesquita/.rvm/rubies/ruby-2.1.0/lib/ruby/site_ruby/2.1.0/rubygems/installer.rb:677:in `build_extensions'  \n/Users/alanmesquita/.rvm/rubies/ruby-2.1.0/lib/ruby/site_ruby/2.1.0/rubygems/installer.rb:232:in `install'  \n/Users/alanmesquita/.rvm/gems/ruby-2.1.0/gems/bundler-1.5.0/lib/bundler/source/rubygems.rb:101:in `block in install'  \n/Users/alanmesquita/.rvm/gems/ruby-2.1.0/gems/bundler-1.5.0/lib/bundler/rubygems_integration.rb:118:in `preserve_paths'  \n/Users/alanmesquita/.rvm/gems/ruby-2.1.0/gems/bundler-1.5.0/lib/bundler/source/rubygems.rb:94:in `install'  \n/Users/alanmesquita/.rvm/gems/ruby-2.1.0/gems/bundler-1.5.0/lib/bundler/installer.rb:111:in `block in install_gem_from_spec'  \n/Users/alanmesquita/.rvm/gems/ruby-2.1.0/gems/bundler-1.5.0/lib/bundler/rubygems_integration.rb:150:in `with_build_args'  \n/Users/alanmesquita/.rvm/gems/ruby-2.1.0/gems/bundler-1.5.0/lib/bundler/installer.rb:110:in `install_gem_from_spec'  \n/Users/alanmesquita/.rvm/gems/ruby-2.1.0/gems/bundler-1.5.0/lib/bundler/installer.rb:295:in `block in install_sequentially'  \n/Users/alanmesquita/.rvm/rubies/ruby-2.1.0/lib/ruby/2.1.0/forwardable.rb:183:in `each'  \n/Users/alanmesquita/.rvm/rubies/ruby-2.1.0/lib/ruby/2.1.0/forwardable.rb:183:in `each'  \n/Users/alanmesquita/.rvm/gems/ruby-2.1.0/gems/bundler-1.5.0/lib/bundler/installer.rb:294:in `install_sequentially'  \n/Users/alanmesquita/.rvm/gems/ruby-2.1.0/gems/bundler-1.5.0/lib/bundler/installer.rb:97:in `run'  \n/Users/alanmesquita/.rvm/gems/ruby-2.1.0/gems/bundler-1.5.0/lib/bundler/installer.rb:15:in `install'  \n/Users/alanmesquita/.rvm/gems/ruby-2.1.0/gems/bundler-1.5.0/lib/bundler/cli.rb:257:in `install'  \n/Users/alanmesquita/.rvm/gems/ruby-2.1.0/gems/bundler-1.5.0/lib/bundler/vendor/thor/command.rb:27:in `run'  \n/Users/alanmesquita/.rvm/gems/ruby-2.1.0/gems/bundler-1.5.0/lib/bundler/vendor/thor/invocation.rb:120:in `invoke_command'  \n/Users/alanmesquita/.rvm/gems/ruby-2.1.0/gems/bundler-1.5.0/lib/bundler/vendor/thor.rb:363:in `dispatch'  \n/Users/alanmesquita/.rvm/gems/ruby-2.1.0/gems/bundler-1.5.0/lib/bundler/vendor/thor/base.rb:438:in `start'  \n/Users/alanmesquita/.rvm/gems/ruby-2.1.0/gems/bundler-1.5.0/lib/bundler/cli.rb:10:in `start'  \n/Users/alanmesquita/.rvm/gems/ruby-2.1.0/gems/bundler-1.5.0/bin/bundle:22:in `block in <top (required)>'  \n/Users/alanmesquita/.rvm/gems/ruby-2.1.0/gems/bundler-1.5.0/lib/bundler/friendly_errors.rb:5:in `with_friendly_errors'  \n/Users/alanmesquita/.rvm/gems/ruby-2.1.0/gems/bundler-1.5.0/bin/bundle:22:in `<top (required)>'  \n/Users/alanmesquita/.rvm/gems/ruby-2.1.0/bin/bundle:23:in `load'  \n/Users/alanmesquita/.rvm/gems/ruby-2.1.0/bin/bundle:23:in `<main>'  \n/Users/alanmesquita/.rvm/gems/ruby-2.1.0/bin/ruby_executable_hooks:15:in `eval'  \n/Users/alanmesquita/.rvm/gems/ruby-2.1.0/bin/ruby_executable_hooks:15:in `<main>'
I, [2014-01-02T16:40:55.468121 #6009]  INFO -- : 0:  tilt (1.4.1) from /Users/alanmesquita/.rvm/gems/ruby-2.1.0/specifications/tilt-1.4.1.gemspec
I, [2014-01-02T16:40:55.468577 #6009]  INFO -- : 0:  haml (4.0.4) from /Users/alanmesquita/.rvm/gems/ruby-2.1.0/specifications/haml-4.0.4.gemspec
I, [2014-01-02T16:40:55.468892 #6009]  INFO -- : 0:  json (1.8.0) from /Users/alanmesquita/.rvm/gems/ruby-2.1.0/specifications/json-1.8.0.gemspec
E, [2014-01-02T16:40:56.150822 #6009] ERROR -- : Gem::Ext::BuildError: ERROR: Failed to build gem native extension.

    /Users/alanmesquita/.rvm/rubies/ruby-2.1.0/bin/ruby extconf.rb --with-mysql-config=/usr/local/mysql/bin/mysql_config
checking for mysql_ssl_set()... *** extconf.rb failed ***
Could not create Makefile due to some reason, probably lack of necessary
libraries and/or headers.  Check the mkmf.log file for more details.  You may
need configuration options.

Provided configuration options:
	--with-opt-dir
	--with-opt-include
	--without-opt-include=${opt-dir}/include
	--with-opt-lib
	--without-opt-lib=${opt-dir}/lib
	--with-make-prog
	--without-make-prog
	--srcdir=.
	--curdir
	--ruby=/Users/alanmesquita/.rvm/rubies/ruby-2.1.0/bin/ruby
	--with-mysql-config
/Users/alanmesquita/.rvm/rubies/ruby-2.1.0/lib/ruby/2.1.0/mkmf.rb:456:in `try_do': The compiler failed to generate an executable file. (RuntimeError)
You have to install development tools first.
	from /Users/alanmesquita/.rvm/rubies/ruby-2.1.0/lib/ruby/2.1.0/mkmf.rb:541:in `try_link0'
	from /Users/alanmesquita/.rvm/rubies/ruby-2.1.0/lib/ruby/2.1.0/mkmf.rb:556:in `try_link'
	from /Users/alanmesquita/.rvm/rubies/ruby-2.1.0/lib/ruby/2.1.0/mkmf.rb:742:in `try_func'
	from /Users/alanmesquita/.rvm/rubies/ruby-2.1.0/lib/ruby/2.1.0/mkmf.rb:1027:in `block in have_func'
	from /Users/alanmesquita/.rvm/rubies/ruby-2.1.0/lib/ruby/2.1.0/mkmf.rb:918:in `block in checking_for'
	from /Users/alanmesquita/.rvm/rubies/ruby-2.1.0/lib/ruby/2.1.0/mkmf.rb:351:in `block (2 levels) in postpone'
	from /Users/alanmesquita/.rvm/rubies/ruby-2.1.0/lib/ruby/2.1.0/mkmf.rb:321:in `open'
	from /Users/alanmesquita/.rvm/rubies/ruby-2.1.0/lib/ruby/2.1.0/mkmf.rb:351:in `block in postpone'
	from /Users/alanmesquita/.rvm/rubies/ruby-2.1.0/lib/ruby/2.1.0/mkmf.rb:321:in `open'
	from /Users/alanmesquita/.rvm/rubies/ruby-2.1.0/lib/ruby/2.1.0/mkmf.rb:347:in `postpone'
	from /Users/alanmesquita/.rvm/rubies/ruby-2.1.0/lib/ruby/2.1.0/mkmf.rb:917:in `checking_for'
	from /Users/alanmesquita/.rvm/rubies/ruby-2.1.0/lib/ruby/2.1.0/mkmf.rb:1026:in `have_func'
	from extconf.rb:45:in `<main>'

extconf failed, exit code 1

Gem files will remain installed in /Users/alanmesquita/.rvm/gems/ruby-2.1.0/gems/mysql-2.9.1 for inspection.
Results logged to /Users/alanmesquita/.rvm/gems/ruby-2.1.0/extensions/x86_64-darwin-12/2.1.0/mysql-2.9.1/gem_make.out

/Users/alanmesquita/.rvm/rubies/ruby-2.1.0/lib/ruby/site_ruby/2.1.0/rubygems/ext/builder.rb:89:in `run'  \n/Users/alanmesquita/.rvm/rubies/ruby-2.1.0/lib/ruby/site_ruby/2.1.0/rubygems/ext/ext_conf_builder.rb:37:in `block in build'  \n/Users/alanmesquita/.rvm/rubies/ruby-2.1.0/lib/ruby/2.1.0/tempfile.rb:324:in `open'  \n/Users/alanmesquita/.rvm/rubies/ruby-2.1.0/lib/ruby/site_ruby/2.1.0/rubygems/ext/ext_conf_builder.rb:17:in `build'  \n/Users/alanmesquita/.rvm/rubies/ruby-2.1.0/lib/ruby/site_ruby/2.1.0/rubygems/ext/builder.rb:161:in `block (2 levels) in build_extension'  \n/Users/alanmesquita/.rvm/rubies/ruby-2.1.0/lib/ruby/site_ruby/2.1.0/rubygems/ext/builder.rb:160:in `chdir'  \n/Users/alanmesquita/.rvm/rubies/ruby-2.1.0/lib/ruby/site_ruby/2.1.0/rubygems/ext/builder.rb:160:in `block in build_extension'  \n/Users/alanmesquita/.rvm/rubies/ruby-2.1.0/lib/ruby/site_ruby/2.1.0/rubygems/ext/builder.rb:159:in `synchronize'  \n/Users/alanmesquita/.rvm/rubies/ruby-2.1.0/lib/ruby/site_ruby/2.1.0/rubygems/ext/builder.rb:159:in `build_extension'  \n/Users/alanmesquita/.rvm/rubies/ruby-2.1.0/lib/ruby/site_ruby/2.1.0/rubygems/ext/builder.rb:198:in `block in build_extensions'  \n/Users/alanmesquita/.rvm/rubies/ruby-2.1.0/lib/ruby/site_ruby/2.1.0/rubygems/ext/builder.rb:195:in `each'  \n/Users/alanmesquita/.rvm/rubies/ruby-2.1.0/lib/ruby/site_ruby/2.1.0/rubygems/ext/builder.rb:195:in `build_extensions'  \n/Users/alanmesquita/.rvm/rubies/ruby-2.1.0/lib/ruby/site_ruby/2.1.0/rubygems/installer.rb:677:in `build_extensions'  \n/Users/alanmesquita/.rvm/rubies/ruby-2.1.0/lib/ruby/site_ruby/2.1.0/rubygems/installer.rb:232:in `install'  \n/Users/alanmesquita/.rvm/gems/ruby-2.1.0/gems/bundler-1.5.0/lib/bundler/source/rubygems.rb:101:in `block in install'  \n/Users/alanmesquita/.rvm/gems/ruby-2.1.0/gems/bundler-1.5.0/lib/bundler/rubygems_integration.rb:118:in `preserve_paths'  \n/Users/alanmesquita/.rvm/gems/ruby-2.1.0/gems/bundler-1.5.0/lib/bundler/source/rubygems.rb:94:in `install'  \n/Users/alanmesquita/.rvm/gems/ruby-2.1.0/gems/bundler-1.5.0/lib/bundler/installer.rb:111:in `block in install_gem_from_spec'  \n/Users/alanmesquita/.rvm/gems/ruby-2.1.0/gems/bundler-1.5.0/lib/bundler/rubygems_integration.rb:150:in `with_build_args'  \n/Users/alanmesquita/.rvm/gems/ruby-2.1.0/gems/bundler-1.5.0/lib/bundler/installer.rb:110:in `install_gem_from_spec'  \n/Users/alanmesquita/.rvm/gems/ruby-2.1.0/gems/bundler-1.5.0/lib/bundler/installer.rb:295:in `block in install_sequentially'  \n/Users/alanmesquita/.rvm/rubies/ruby-2.1.0/lib/ruby/2.1.0/forwardable.rb:183:in `each'  \n/Users/alanmesquita/.rvm/rubies/ruby-2.1.0/lib/ruby/2.1.0/forwardable.rb:183:in `each'  \n/Users/alanmesquita/.rvm/gems/ruby-2.1.0/gems/bundler-1.5.0/lib/bundler/installer.rb:294:in `install_sequentially'  \n/Users/alanmesquita/.rvm/gems/ruby-2.1.0/gems/bundler-1.5.0/lib/bundler/installer.rb:97:in `run'  \n/Users/alanmesquita/.rvm/gems/ruby-2.1.0/gems/bundler-1.5.0/lib/bundler/installer.rb:15:in `install'  \n/Users/alanmesquita/.rvm/gems/ruby-2.1.0/gems/bundler-1.5.0/lib/bundler/cli.rb:257:in `install'  \n/Users/alanmesquita/.rvm/gems/ruby-2.1.0/gems/bundler-1.5.0/lib/bundler/vendor/thor/command.rb:27:in `run'  \n/Users/alanmesquita/.rvm/gems/ruby-2.1.0/gems/bundler-1.5.0/lib/bundler/vendor/thor/invocation.rb:120:in `invoke_command'  \n/Users/alanmesquita/.rvm/gems/ruby-2.1.0/gems/bundler-1.5.0/lib/bundler/vendor/thor.rb:363:in `dispatch'  \n/Users/alanmesquita/.rvm/gems/ruby-2.1.0/gems/bundler-1.5.0/lib/bundler/vendor/thor/base.rb:438:in `start'  \n/Users/alanmesquita/.rvm/gems/ruby-2.1.0/gems/bundler-1.5.0/lib/bundler/cli.rb:10:in `start'  \n/Users/alanmesquita/.rvm/gems/ruby-2.1.0/gems/bundler-1.5.0/bin/bundle:22:in `block in <top (required)>'  \n/Users/alanmesquita/.rvm/gems/ruby-2.1.0/gems/bundler-1.5.0/lib/bundler/friendly_errors.rb:5:in `with_friendly_errors'  \n/Users/alanmesquita/.rvm/gems/ruby-2.1.0/gems/bundler-1.5.0/bin/bundle:22:in `<top (required)>'  \n/Users/alanmesquita/.rvm/gems/ruby-2.1.0/bin/bundle:23:in `load'  \n/Users/alanmesquita/.rvm/gems/ruby-2.1.0/bin/bundle:23:in `<main>'  \n/Users/alanmesquita/.rvm/gems/ruby-2.1.0/bin/ruby_executable_hooks:15:in `eval'  \n/Users/alanmesquita/.rvm/gems/ruby-2.1.0/bin/ruby_executable_hooks:15:in `<main>'
I, [2014-01-02T16:42:48.575372 #6466]  INFO -- : 0:  tilt (1.4.1) from /Users/alanmesquita/.rvm/gems/ruby-2.1.0/specifications/tilt-1.4.1.gemspec
I, [2014-01-02T16:42:48.575782 #6466]  INFO -- : 0:  haml (4.0.4) from /Users/alanmesquita/.rvm/gems/ruby-2.1.0/specifications/haml-4.0.4.gemspec
I, [2014-01-02T16:42:48.576103 #6466]  INFO -- : 0:  json (1.8.0) from /Users/alanmesquita/.rvm/gems/ruby-2.1.0/specifications/json-1.8.0.gemspec
E, [2014-01-02T16:42:49.276962 #6466] ERROR -- : Gem::Ext::BuildError: ERROR: Failed to build gem native extension.

    /Users/alanmesquita/.rvm/rubies/ruby-2.1.0/bin/ruby extconf.rb --with-mysql-config=/usr/local/mysql/bin/mysql_config
checking for mysql_ssl_set()... *** extconf.rb failed ***
Could not create Makefile due to some reason, probably lack of necessary
libraries and/or headers.  Check the mkmf.log file for more details.  You may
need configuration options.

Provided configuration options:
	--with-opt-dir
	--with-opt-include
	--without-opt-include=${opt-dir}/include
	--with-opt-lib
	--without-opt-lib=${opt-dir}/lib
	--with-make-prog
	--without-make-prog
	--srcdir=.
	--curdir
	--ruby=/Users/alanmesquita/.rvm/rubies/ruby-2.1.0/bin/ruby
	--with-mysql-config
/Users/alanmesquita/.rvm/rubies/ruby-2.1.0/lib/ruby/2.1.0/mkmf.rb:456:in `try_do': The compiler failed to generate an executable file. (RuntimeError)
You have to install development tools first.
	from /Users/alanmesquita/.rvm/rubies/ruby-2.1.0/lib/ruby/2.1.0/mkmf.rb:541:in `try_link0'
	from /Users/alanmesquita/.rvm/rubies/ruby-2.1.0/lib/ruby/2.1.0/mkmf.rb:556:in `try_link'
	from /Users/alanmesquita/.rvm/rubies/ruby-2.1.0/lib/ruby/2.1.0/mkmf.rb:742:in `try_func'
	from /Users/alanmesquita/.rvm/rubies/ruby-2.1.0/lib/ruby/2.1.0/mkmf.rb:1027:in `block in have_func'
	from /Users/alanmesquita/.rvm/rubies/ruby-2.1.0/lib/ruby/2.1.0/mkmf.rb:918:in `block in checking_for'
	from /Users/alanmesquita/.rvm/rubies/ruby-2.1.0/lib/ruby/2.1.0/mkmf.rb:351:in `block (2 levels) in postpone'
	from /Users/alanmesquita/.rvm/rubies/ruby-2.1.0/lib/ruby/2.1.0/mkmf.rb:321:in `open'
	from /Users/alanmesquita/.rvm/rubies/ruby-2.1.0/lib/ruby/2.1.0/mkmf.rb:351:in `block in postpone'
	from /Users/alanmesquita/.rvm/rubies/ruby-2.1.0/lib/ruby/2.1.0/mkmf.rb:321:in `open'
	from /Users/alanmesquita/.rvm/rubies/ruby-2.1.0/lib/ruby/2.1.0/mkmf.rb:347:in `postpone'
	from /Users/alanmesquita/.rvm/rubies/ruby-2.1.0/lib/ruby/2.1.0/mkmf.rb:917:in `checking_for'
	from /Users/alanmesquita/.rvm/rubies/ruby-2.1.0/lib/ruby/2.1.0/mkmf.rb:1026:in `have_func'
	from extconf.rb:45:in `<main>'

extconf failed, exit code 1

Gem files will remain installed in /Users/alanmesquita/.rvm/gems/ruby-2.1.0/gems/mysql-2.9.1 for inspection.
Results logged to /Users/alanmesquita/.rvm/gems/ruby-2.1.0/extensions/x86_64-darwin-12/2.1.0/mysql-2.9.1/gem_make.out

/Users/alanmesquita/.rvm/rubies/ruby-2.1.0/lib/ruby/site_ruby/2.1.0/rubygems/ext/builder.rb:89:in `run'  \n/Users/alanmesquita/.rvm/rubies/ruby-2.1.0/lib/ruby/site_ruby/2.1.0/rubygems/ext/ext_conf_builder.rb:37:in `block in build'  \n/Users/alanmesquita/.rvm/rubies/ruby-2.1.0/lib/ruby/2.1.0/tempfile.rb:324:in `open'  \n/Users/alanmesquita/.rvm/rubies/ruby-2.1.0/lib/ruby/site_ruby/2.1.0/rubygems/ext/ext_conf_builder.rb:17:in `build'  \n/Users/alanmesquita/.rvm/rubies/ruby-2.1.0/lib/ruby/site_ruby/2.1.0/rubygems/ext/builder.rb:161:in `block (2 levels) in build_extension'  \n/Users/alanmesquita/.rvm/rubies/ruby-2.1.0/lib/ruby/site_ruby/2.1.0/rubygems/ext/builder.rb:160:in `chdir'  \n/Users/alanmesquita/.rvm/rubies/ruby-2.1.0/lib/ruby/site_ruby/2.1.0/rubygems/ext/builder.rb:160:in `block in build_extension'  \n/Users/alanmesquita/.rvm/rubies/ruby-2.1.0/lib/ruby/site_ruby/2.1.0/rubygems/ext/builder.rb:159:in `synchronize'  \n/Users/alanmesquita/.rvm/rubies/ruby-2.1.0/lib/ruby/site_ruby/2.1.0/rubygems/ext/builder.rb:159:in `build_extension'  \n/Users/alanmesquita/.rvm/rubies/ruby-2.1.0/lib/ruby/site_ruby/2.1.0/rubygems/ext/builder.rb:198:in `block in build_extensions'  \n/Users/alanmesquita/.rvm/rubies/ruby-2.1.0/lib/ruby/site_ruby/2.1.0/rubygems/ext/builder.rb:195:in `each'  \n/Users/alanmesquita/.rvm/rubies/ruby-2.1.0/lib/ruby/site_ruby/2.1.0/rubygems/ext/builder.rb:195:in `build_extensions'  \n/Users/alanmesquita/.rvm/rubies/ruby-2.1.0/lib/ruby/site_ruby/2.1.0/rubygems/installer.rb:677:in `build_extensions'  \n/Users/alanmesquita/.rvm/rubies/ruby-2.1.0/lib/ruby/site_ruby/2.1.0/rubygems/installer.rb:232:in `install'  \n/Users/alanmesquita/.rvm/gems/ruby-2.1.0/gems/bundler-1.5.0/lib/bundler/source/rubygems.rb:101:in `block in install'  \n/Users/alanmesquita/.rvm/gems/ruby-2.1.0/gems/bundler-1.5.0/lib/bundler/rubygems_integration.rb:118:in `preserve_paths'  \n/Users/alanmesquita/.rvm/gems/ruby-2.1.0/gems/bundler-1.5.0/lib/bundler/source/rubygems.rb:94:in `install'  \n/Users/alanmesquita/.rvm/gems/ruby-2.1.0/gems/bundler-1.5.0/lib/bundler/installer.rb:111:in `block in install_gem_from_spec'  \n/Users/alanmesquita/.rvm/gems/ruby-2.1.0/gems/bundler-1.5.0/lib/bundler/rubygems_integration.rb:150:in `with_build_args'  \n/Users/alanmesquita/.rvm/gems/ruby-2.1.0/gems/bundler-1.5.0/lib/bundler/installer.rb:110:in `install_gem_from_spec'  \n/Users/alanmesquita/.rvm/gems/ruby-2.1.0/gems/bundler-1.5.0/lib/bundler/installer.rb:295:in `block in install_sequentially'  \n/Users/alanmesquita/.rvm/rubies/ruby-2.1.0/lib/ruby/2.1.0/forwardable.rb:183:in `each'  \n/Users/alanmesquita/.rvm/rubies/ruby-2.1.0/lib/ruby/2.1.0/forwardable.rb:183:in `each'  \n/Users/alanmesquita/.rvm/gems/ruby-2.1.0/gems/bundler-1.5.0/lib/bundler/installer.rb:294:in `install_sequentially'  \n/Users/alanmesquita/.rvm/gems/ruby-2.1.0/gems/bundler-1.5.0/lib/bundler/installer.rb:97:in `run'  \n/Users/alanmesquita/.rvm/gems/ruby-2.1.0/gems/bundler-1.5.0/lib/bundler/installer.rb:15:in `install'  \n/Users/alanmesquita/.rvm/gems/ruby-2.1.0/gems/bundler-1.5.0/lib/bundler/cli.rb:257:in `install'  \n/Users/alanmesquita/.rvm/gems/ruby-2.1.0/gems/bundler-1.5.0/lib/bundler/vendor/thor/command.rb:27:in `run'  \n/Users/alanmesquita/.rvm/gems/ruby-2.1.0/gems/bundler-1.5.0/lib/bundler/vendor/thor/invocation.rb:120:in `invoke_command'  \n/Users/alanmesquita/.rvm/gems/ruby-2.1.0/gems/bundler-1.5.0/lib/bundler/vendor/thor.rb:363:in `dispatch'  \n/Users/alanmesquita/.rvm/gems/ruby-2.1.0/gems/bundler-1.5.0/lib/bundler/vendor/thor/base.rb:438:in `start'  \n/Users/alanmesquita/.rvm/gems/ruby-2.1.0/gems/bundler-1.5.0/lib/bundler/cli.rb:10:in `start'  \n/Users/alanmesquita/.rvm/gems/ruby-2.1.0/gems/bundler-1.5.0/bin/bundle:22:in `block in <top (required)>'  \n/Users/alanmesquita/.rvm/gems/ruby-2.1.0/gems/bundler-1.5.0/lib/bundler/friendly_errors.rb:5:in `with_friendly_errors'  \n/Users/alanmesquita/.rvm/gems/ruby-2.1.0/gems/bundler-1.5.0/bin/bundle:22:in `<top (required)>'  \n/Users/alanmesquita/.rvm/gems/ruby-2.1.0/bin/bundle:23:in `load'  \n/Users/alanmesquita/.rvm/gems/ruby-2.1.0/bin/bundle:23:in `<main>'  \n/Users/alanmesquita/.rvm/gems/ruby-2.1.0/bin/ruby_executable_hooks:15:in `eval'  \n/Users/alanmesquita/.rvm/gems/ruby-2.1.0/bin/ruby_executable_hooks:15:in `<main>'
I, [2014-01-02T16:50:44.693778 #7531]  INFO -- : 0:  i18n (0.6.9) from /Users/alanmesquita/.rvm/gems/ruby-2.1.0/specifications/i18n-0.6.9.gemspec
E, [2014-01-02T16:50:44.694749 #7531] ERROR -- : Bundler::GemNotFound: Could not find minitest-4.7.5.gem for installation
/Users/alanmesquita/.rvm/gems/ruby-2.1.0/gems/bundler-1.5.0/lib/bundler/source/rubygems.rb:149:in `cached_gem'  \n/Users/alanmesquita/.rvm/gems/ruby-2.1.0/gems/bundler-1.5.0/lib/bundler/source/rubygems.rb:84:in `install'  \n/Users/alanmesquita/.rvm/gems/ruby-2.1.0/gems/bundler-1.5.0/lib/bundler/installer.rb:111:in `block in install_gem_from_spec'  \n/Users/alanmesquita/.rvm/gems/ruby-2.1.0/gems/bundler-1.5.0/lib/bundler/rubygems_integration.rb:150:in `with_build_args'  \n/Users/alanmesquita/.rvm/gems/ruby-2.1.0/gems/bundler-1.5.0/lib/bundler/installer.rb:110:in `install_gem_from_spec'  \n/Users/alanmesquita/.rvm/gems/ruby-2.1.0/gems/bundler-1.5.0/lib/bundler/installer.rb:295:in `block in install_sequentially'  \n/Users/alanmesquita/.rvm/rubies/ruby-2.1.0/lib/ruby/2.1.0/forwardable.rb:183:in `each'  \n/Users/alanmesquita/.rvm/rubies/ruby-2.1.0/lib/ruby/2.1.0/forwardable.rb:183:in `each'  \n/Users/alanmesquita/.rvm/gems/ruby-2.1.0/gems/bundler-1.5.0/lib/bundler/installer.rb:294:in `install_sequentially'  \n/Users/alanmesquita/.rvm/gems/ruby-2.1.0/gems/bundler-1.5.0/lib/bundler/installer.rb:97:in `run'  \n/Users/alanmesquita/.rvm/gems/ruby-2.1.0/gems/bundler-1.5.0/lib/bundler/installer.rb:15:in `install'  \n/Users/alanmesquita/.rvm/gems/ruby-2.1.0/gems/bundler-1.5.0/lib/bundler/cli.rb:257:in `install'  \n/Users/alanmesquita/.rvm/gems/ruby-2.1.0/gems/bundler-1.5.0/lib/bundler/vendor/thor/command.rb:27:in `run'  \n/Users/alanmesquita/.rvm/gems/ruby-2.1.0/gems/bundler-1.5.0/lib/bundler/vendor/thor/invocation.rb:120:in `invoke_command'  \n/Users/alanmesquita/.rvm/gems/ruby-2.1.0/gems/bundler-1.5.0/lib/bundler/vendor/thor.rb:363:in `dispatch'  \n/Users/alanmesquita/.rvm/gems/ruby-2.1.0/gems/bundler-1.5.0/lib/bundler/vendor/thor/base.rb:438:in `start'  \n/Users/alanmesquita/.rvm/gems/ruby-2.1.0/gems/bundler-1.5.0/lib/bundler/cli.rb:10:in `start'  \n/Users/alanmesquita/.rvm/gems/ruby-2.1.0/gems/bundler-1.5.0/bin/bundle:22:in `block in <top (required)>'  \n/Users/alanmesquita/.rvm/gems/ruby-2.1.0/gems/bundler-1.5.0/lib/bundler/friendly_errors.rb:5:in `with_friendly_errors'  \n/Users/alanmesquita/.rvm/gems/ruby-2.1.0/gems/bundler-1.5.0/bin/bundle:22:in `<top (required)>'  \n/Users/alanmesquita/.rvm/gems/ruby-2.1.0/bin/bundle:23:in `load'  \n/Users/alanmesquita/.rvm/gems/ruby-2.1.0/bin/bundle:23:in `<main>'  \n/Users/alanmesquita/.rvm/gems/ruby-2.1.0/bin/ruby_executable_hooks:15:in `eval'  \n/Users/alanmesquita/.rvm/gems/ruby-2.1.0/bin/ruby_executable_hooks:15:in `<main>'
I, [2014-01-02T16:55:26.694570 #7555]  INFO -- : 0:  tilt (1.4.1) from /Users/alanmesquita/.rvm/gems/ruby-2.1.0/specifications/tilt-1.4.1.gemspec
I, [2014-01-02T16:55:26.695178 #7555]  INFO -- : 0:  haml (4.0.4) from /Users/alanmesquita/.rvm/gems/ruby-2.1.0/specifications/haml-4.0.4.gemspec
I, [2014-01-02T16:55:26.695657 #7555]  INFO -- : 0:  json (1.8.0) from /Users/alanmesquita/.rvm/gems/ruby-2.1.0/specifications/json-1.8.0.gemspec
E, [2014-01-02T16:55:27.402700 #7555] ERROR -- : Gem::Ext::BuildError: ERROR: Failed to build gem native extension.

    /Users/alanmesquita/.rvm/rubies/ruby-2.1.0/bin/ruby extconf.rb --with-mysql-config=/usr/local/mysql/bin/mysql_config
checking for mysql_ssl_set()... *** extconf.rb failed ***
Could not create Makefile due to some reason, probably lack of necessary
libraries and/or headers.  Check the mkmf.log file for more details.  You may
need configuration options.

Provided configuration options:
	--with-opt-dir
	--with-opt-include
	--without-opt-include=${opt-dir}/include
	--with-opt-lib
	--without-opt-lib=${opt-dir}/lib
	--with-make-prog
	--without-make-prog
	--srcdir=.
	--curdir
	--ruby=/Users/alanmesquita/.rvm/rubies/ruby-2.1.0/bin/ruby
	--with-mysql-config
/Users/alanmesquita/.rvm/rubies/ruby-2.1.0/lib/ruby/2.1.0/mkmf.rb:456:in `try_do': The compiler failed to generate an executable file. (RuntimeError)
You have to install development tools first.
	from /Users/alanmesquita/.rvm/rubies/ruby-2.1.0/lib/ruby/2.1.0/mkmf.rb:541:in `try_link0'
	from /Users/alanmesquita/.rvm/rubies/ruby-2.1.0/lib/ruby/2.1.0/mkmf.rb:556:in `try_link'
	from /Users/alanmesquita/.rvm/rubies/ruby-2.1.0/lib/ruby/2.1.0/mkmf.rb:742:in `try_func'
	from /Users/alanmesquita/.rvm/rubies/ruby-2.1.0/lib/ruby/2.1.0/mkmf.rb:1027:in `block in have_func'
	from /Users/alanmesquita/.rvm/rubies/ruby-2.1.0/lib/ruby/2.1.0/mkmf.rb:918:in `block in checking_for'
	from /Users/alanmesquita/.rvm/rubies/ruby-2.1.0/lib/ruby/2.1.0/mkmf.rb:351:in `block (2 levels) in postpone'
	from /Users/alanmesquita/.rvm/rubies/ruby-2.1.0/lib/ruby/2.1.0/mkmf.rb:321:in `open'
	from /Users/alanmesquita/.rvm/rubies/ruby-2.1.0/lib/ruby/2.1.0/mkmf.rb:351:in `block in postpone'
	from /Users/alanmesquita/.rvm/rubies/ruby-2.1.0/lib/ruby/2.1.0/mkmf.rb:321:in `open'
	from /Users/alanmesquita/.rvm/rubies/ruby-2.1.0/lib/ruby/2.1.0/mkmf.rb:347:in `postpone'
	from /Users/alanmesquita/.rvm/rubies/ruby-2.1.0/lib/ruby/2.1.0/mkmf.rb:917:in `checking_for'
	from /Users/alanmesquita/.rvm/rubies/ruby-2.1.0/lib/ruby/2.1.0/mkmf.rb:1026:in `have_func'
	from extconf.rb:45:in `<main>'

extconf failed, exit code 1

Gem files will remain installed in /Users/alanmesquita/.rvm/gems/ruby-2.1.0/gems/mysql-2.9.1 for inspection.
Results logged to /Users/alanmesquita/.rvm/gems/ruby-2.1.0/extensions/x86_64-darwin-12/2.1.0/mysql-2.9.1/gem_make.out

/Users/alanmesquita/.rvm/rubies/ruby-2.1.0/lib/ruby/site_ruby/2.1.0/rubygems/ext/builder.rb:89:in `run'  \n/Users/alanmesquita/.rvm/rubies/ruby-2.1.0/lib/ruby/site_ruby/2.1.0/rubygems/ext/ext_conf_builder.rb:37:in `block in build'  \n/Users/alanmesquita/.rvm/rubies/ruby-2.1.0/lib/ruby/2.1.0/tempfile.rb:324:in `open'  \n/Users/alanmesquita/.rvm/rubies/ruby-2.1.0/lib/ruby/site_ruby/2.1.0/rubygems/ext/ext_conf_builder.rb:17:in `build'  \n/Users/alanmesquita/.rvm/rubies/ruby-2.1.0/lib/ruby/site_ruby/2.1.0/rubygems/ext/builder.rb:161:in `block (2 levels) in build_extension'  \n/Users/alanmesquita/.rvm/rubies/ruby-2.1.0/lib/ruby/site_ruby/2.1.0/rubygems/ext/builder.rb:160:in `chdir'  \n/Users/alanmesquita/.rvm/rubies/ruby-2.1.0/lib/ruby/site_ruby/2.1.0/rubygems/ext/builder.rb:160:in `block in build_extension'  \n/Users/alanmesquita/.rvm/rubies/ruby-2.1.0/lib/ruby/site_ruby/2.1.0/rubygems/ext/builder.rb:159:in `synchronize'  \n/Users/alanmesquita/.rvm/rubies/ruby-2.1.0/lib/ruby/site_ruby/2.1.0/rubygems/ext/builder.rb:159:in `build_extension'  \n/Users/alanmesquita/.rvm/rubies/ruby-2.1.0/lib/ruby/site_ruby/2.1.0/rubygems/ext/builder.rb:198:in `block in build_extensions'  \n/Users/alanmesquita/.rvm/rubies/ruby-2.1.0/lib/ruby/site_ruby/2.1.0/rubygems/ext/builder.rb:195:in `each'  \n/Users/alanmesquita/.rvm/rubies/ruby-2.1.0/lib/ruby/site_ruby/2.1.0/rubygems/ext/builder.rb:195:in `build_extensions'  \n/Users/alanmesquita/.rvm/rubies/ruby-2.1.0/lib/ruby/site_ruby/2.1.0/rubygems/installer.rb:677:in `build_extensions'  \n/Users/alanmesquita/.rvm/rubies/ruby-2.1.0/lib/ruby/site_ruby/2.1.0/rubygems/installer.rb:232:in `install'  \n/Users/alanmesquita/.rvm/gems/ruby-2.1.0/gems/bundler-1.5.0/lib/bundler/source/rubygems.rb:101:in `block in install'  \n/Users/alanmesquita/.rvm/gems/ruby-2.1.0/gems/bundler-1.5.0/lib/bundler/rubygems_integration.rb:118:in `preserve_paths'  \n/Users/alanmesquita/.rvm/gems/ruby-2.1.0/gems/bundler-1.5.0/lib/bundler/source/rubygems.rb:94:in `install'  \n/Users/alanmesquita/.rvm/gems/ruby-2.1.0/gems/bundler-1.5.0/lib/bundler/installer.rb:111:in `block in install_gem_from_spec'  \n/Users/alanmesquita/.rvm/gems/ruby-2.1.0/gems/bundler-1.5.0/lib/bundler/rubygems_integration.rb:150:in `with_build_args'  \n/Users/alanmesquita/.rvm/gems/ruby-2.1.0/gems/bundler-1.5.0/lib/bundler/installer.rb:110:in `install_gem_from_spec'  \n/Users/alanmesquita/.rvm/gems/ruby-2.1.0/gems/bundler-1.5.0/lib/bundler/installer.rb:295:in `block in install_sequentially'  \n/Users/alanmesquita/.rvm/rubies/ruby-2.1.0/lib/ruby/2.1.0/forwardable.rb:183:in `each'  \n/Users/alanmesquita/.rvm/rubies/ruby-2.1.0/lib/ruby/2.1.0/forwardable.rb:183:in `each'  \n/Users/alanmesquita/.rvm/gems/ruby-2.1.0/gems/bundler-1.5.0/lib/bundler/installer.rb:294:in `install_sequentially'  \n/Users/alanmesquita/.rvm/gems/ruby-2.1.0/gems/bundler-1.5.0/lib/bundler/installer.rb:97:in `run'  \n/Users/alanmesquita/.rvm/gems/ruby-2.1.0/gems/bundler-1.5.0/lib/bundler/installer.rb:15:in `install'  \n/Users/alanmesquita/.rvm/gems/ruby-2.1.0/gems/bundler-1.5.0/lib/bundler/cli.rb:257:in `install'  \n/Users/alanmesquita/.rvm/gems/ruby-2.1.0/gems/bundler-1.5.0/lib/bundler/vendor/thor/command.rb:27:in `run'  \n/Users/alanmesquita/.rvm/gems/ruby-2.1.0/gems/bundler-1.5.0/lib/bundler/vendor/thor/invocation.rb:120:in `invoke_command'  \n/Users/alanmesquita/.rvm/gems/ruby-2.1.0/gems/bundler-1.5.0/lib/bundler/vendor/thor.rb:363:in `dispatch'  \n/Users/alanmesquita/.rvm/gems/ruby-2.1.0/gems/bundler-1.5.0/lib/bundler/vendor/thor/base.rb:438:in `start'  \n/Users/alanmesquita/.rvm/gems/ruby-2.1.0/gems/bundler-1.5.0/lib/bundler/cli.rb:10:in `start'  \n/Users/alanmesquita/.rvm/gems/ruby-2.1.0/gems/bundler-1.5.0/bin/bundle:22:in `block in <top (required)>'  \n/Users/alanmesquita/.rvm/gems/ruby-2.1.0/gems/bundler-1.5.0/lib/bundler/friendly_errors.rb:5:in `with_friendly_errors'  \n/Users/alanmesquita/.rvm/gems/ruby-2.1.0/gems/bundler-1.5.0/bin/bundle:22:in `<top (required)>'  \n/Users/alanmesquita/.rvm/gems/ruby-2.1.0/bin/bundle:23:in `load'  \n/Users/alanmesquita/.rvm/gems/ruby-2.1.0/bin/bundle:23:in `<main>'  \n/Users/alanmesquita/.rvm/gems/ruby-2.1.0/bin/ruby_executable_hooks:15:in `eval'  \n/Users/alanmesquita/.rvm/gems/ruby-2.1.0/bin/ruby_executable_hooks:15:in `<main>'
I, [2014-01-02T16:56:01.632496 #7901]  INFO -- : 0:  tilt (1.4.1) from /Users/alanmesquita/.rvm/gems/ruby-2.1.0/specifications/tilt-1.4.1.gemspec
I, [2014-01-02T16:56:01.633029 #7901]  INFO -- : 0:  haml (4.0.4) from /Users/alanmesquita/.rvm/gems/ruby-2.1.0/specifications/haml-4.0.4.gemspec
I, [2014-01-02T16:56:01.633421 #7901]  INFO -- : 0:  json (1.8.0) from /Users/alanmesquita/.rvm/gems/ruby-2.1.0/specifications/json-1.8.0.gemspec
E, [2014-01-02T16:56:02.317347 #7901] ERROR -- : Gem::Ext::BuildError: ERROR: Failed to build gem native extension.

    /Users/alanmesquita/.rvm/rubies/ruby-2.1.0/bin/ruby extconf.rb --with-mysql-config=/usr/local/mysql/bin/mysql_config
checking for mysql_ssl_set()... *** extconf.rb failed ***
Could not create Makefile due to some reason, probably lack of necessary
libraries and/or headers.  Check the mkmf.log file for more details.  You may
need configuration options.

Provided configuration options:
	--with-opt-dir
	--with-opt-include
	--without-opt-include=${opt-dir}/include
	--with-opt-lib
	--without-opt-lib=${opt-dir}/lib
	--with-make-prog
	--without-make-prog
	--srcdir=.
	--curdir
	--ruby=/Users/alanmesquita/.rvm/rubies/ruby-2.1.0/bin/ruby
	--with-mysql-config
/Users/alanmesquita/.rvm/rubies/ruby-2.1.0/lib/ruby/2.1.0/mkmf.rb:456:in `try_do': The compiler failed to generate an executable file. (RuntimeError)
You have to install development tools first.
	from /Users/alanmesquita/.rvm/rubies/ruby-2.1.0/lib/ruby/2.1.0/mkmf.rb:541:in `try_link0'
	from /Users/alanmesquita/.rvm/rubies/ruby-2.1.0/lib/ruby/2.1.0/mkmf.rb:556:in `try_link'
	from /Users/alanmesquita/.rvm/rubies/ruby-2.1.0/lib/ruby/2.1.0/mkmf.rb:742:in `try_func'
	from /Users/alanmesquita/.rvm/rubies/ruby-2.1.0/lib/ruby/2.1.0/mkmf.rb:1027:in `block in have_func'
	from /Users/alanmesquita/.rvm/rubies/ruby-2.1.0/lib/ruby/2.1.0/mkmf.rb:918:in `block in checking_for'
	from /Users/alanmesquita/.rvm/rubies/ruby-2.1.0/lib/ruby/2.1.0/mkmf.rb:351:in `block (2 levels) in postpone'
	from /Users/alanmesquita/.rvm/rubies/ruby-2.1.0/lib/ruby/2.1.0/mkmf.rb:321:in `open'
	from /Users/alanmesquita/.rvm/rubies/ruby-2.1.0/lib/ruby/2.1.0/mkmf.rb:351:in `block in postpone'
	from /Users/alanmesquita/.rvm/rubies/ruby-2.1.0/lib/ruby/2.1.0/mkmf.rb:321:in `open'
	from /Users/alanmesquita/.rvm/rubies/ruby-2.1.0/lib/ruby/2.1.0/mkmf.rb:347:in `postpone'
	from /Users/alanmesquita/.rvm/rubies/ruby-2.1.0/lib/ruby/2.1.0/mkmf.rb:917:in `checking_for'
	from /Users/alanmesquita/.rvm/rubies/ruby-2.1.0/lib/ruby/2.1.0/mkmf.rb:1026:in `have_func'
	from extconf.rb:45:in `<main>'

extconf failed, exit code 1

Gem files will remain installed in /Users/alanmesquita/.rvm/gems/ruby-2.1.0/gems/mysql-2.9.1 for inspection.
Results logged to /Users/alanmesquita/.rvm/gems/ruby-2.1.0/extensions/x86_64-darwin-12/2.1.0/mysql-2.9.1/gem_make.out

/Users/alanmesquita/.rvm/rubies/ruby-2.1.0/lib/ruby/site_ruby/2.1.0/rubygems/ext/builder.rb:89:in `run'  \n/Users/alanmesquita/.rvm/rubies/ruby-2.1.0/lib/ruby/site_ruby/2.1.0/rubygems/ext/ext_conf_builder.rb:37:in `block in build'  \n/Users/alanmesquita/.rvm/rubies/ruby-2.1.0/lib/ruby/2.1.0/tempfile.rb:324:in `open'  \n/Users/alanmesquita/.rvm/rubies/ruby-2.1.0/lib/ruby/site_ruby/2.1.0/rubygems/ext/ext_conf_builder.rb:17:in `build'  \n/Users/alanmesquita/.rvm/rubies/ruby-2.1.0/lib/ruby/site_ruby/2.1.0/rubygems/ext/builder.rb:161:in `block (2 levels) in build_extension'  \n/Users/alanmesquita/.rvm/rubies/ruby-2.1.0/lib/ruby/site_ruby/2.1.0/rubygems/ext/builder.rb:160:in `chdir'  \n/Users/alanmesquita/.rvm/rubies/ruby-2.1.0/lib/ruby/site_ruby/2.1.0/rubygems/ext/builder.rb:160:in `block in build_extension'  \n/Users/alanmesquita/.rvm/rubies/ruby-2.1.0/lib/ruby/site_ruby/2.1.0/rubygems/ext/builder.rb:159:in `synchronize'  \n/Users/alanmesquita/.rvm/rubies/ruby-2.1.0/lib/ruby/site_ruby/2.1.0/rubygems/ext/builder.rb:159:in `build_extension'  \n/Users/alanmesquita/.rvm/rubies/ruby-2.1.0/lib/ruby/site_ruby/2.1.0/rubygems/ext/builder.rb:198:in `block in build_extensions'  \n/Users/alanmesquita/.rvm/rubies/ruby-2.1.0/lib/ruby/site_ruby/2.1.0/rubygems/ext/builder.rb:195:in `each'  \n/Users/alanmesquita/.rvm/rubies/ruby-2.1.0/lib/ruby/site_ruby/2.1.0/rubygems/ext/builder.rb:195:in `build_extensions'  \n/Users/alanmesquita/.rvm/rubies/ruby-2.1.0/lib/ruby/site_ruby/2.1.0/rubygems/installer.rb:677:in `build_extensions'  \n/Users/alanmesquita/.rvm/rubies/ruby-2.1.0/lib/ruby/site_ruby/2.1.0/rubygems/installer.rb:232:in `install'  \n/Users/alanmesquita/.rvm/gems/ruby-2.1.0/gems/bundler-1.5.0/lib/bundler/source/rubygems.rb:101:in `block in install'  \n/Users/alanmesquita/.rvm/gems/ruby-2.1.0/gems/bundler-1.5.0/lib/bundler/rubygems_integration.rb:118:in `preserve_paths'  \n/Users/alanmesquita/.rvm/gems/ruby-2.1.0/gems/bundler-1.5.0/lib/bundler/source/rubygems.rb:94:in `install'  \n/Users/alanmesquita/.rvm/gems/ruby-2.1.0/gems/bundler-1.5.0/lib/bundler/installer.rb:111:in `block in install_gem_from_spec'  \n/Users/alanmesquita/.rvm/gems/ruby-2.1.0/gems/bundler-1.5.0/lib/bundler/rubygems_integration.rb:150:in `with_build_args'  \n/Users/alanmesquita/.rvm/gems/ruby-2.1.0/gems/bundler-1.5.0/lib/bundler/installer.rb:110:in `install_gem_from_spec'  \n/Users/alanmesquita/.rvm/gems/ruby-2.1.0/gems/bundler-1.5.0/lib/bundler/installer.rb:295:in `block in install_sequentially'  \n/Users/alanmesquita/.rvm/rubies/ruby-2.1.0/lib/ruby/2.1.0/forwardable.rb:183:in `each'  \n/Users/alanmesquita/.rvm/rubies/ruby-2.1.0/lib/ruby/2.1.0/forwardable.rb:183:in `each'  \n/Users/alanmesquita/.rvm/gems/ruby-2.1.0/gems/bundler-1.5.0/lib/bundler/installer.rb:294:in `install_sequentially'  \n/Users/alanmesquita/.rvm/gems/ruby-2.1.0/gems/bundler-1.5.0/lib/bundler/installer.rb:97:in `run'  \n/Users/alanmesquita/.rvm/gems/ruby-2.1.0/gems/bundler-1.5.0/lib/bundler/installer.rb:15:in `install'  \n/Users/alanmesquita/.rvm/gems/ruby-2.1.0/gems/bundler-1.5.0/lib/bundler/cli.rb:257:in `install'  \n/Users/alanmesquita/.rvm/gems/ruby-2.1.0/gems/bundler-1.5.0/lib/bundler/vendor/thor/command.rb:27:in `run'  \n/Users/alanmesquita/.rvm/gems/ruby-2.1.0/gems/bundler-1.5.0/lib/bundler/vendor/thor/invocation.rb:120:in `invoke_command'  \n/Users/alanmesquita/.rvm/gems/ruby-2.1.0/gems/bundler-1.5.0/lib/bundler/vendor/thor.rb:363:in `dispatch'  \n/Users/alanmesquita/.rvm/gems/ruby-2.1.0/gems/bundler-1.5.0/lib/bundler/vendor/thor/base.rb:438:in `start'  \n/Users/alanmesquita/.rvm/gems/ruby-2.1.0/gems/bundler-1.5.0/lib/bundler/cli.rb:10:in `start'  \n/Users/alanmesquita/.rvm/gems/ruby-2.1.0/gems/bundler-1.5.0/bin/bundle:22:in `block in <top (required)>'  \n/Users/alanmesquita/.rvm/gems/ruby-2.1.0/gems/bundler-1.5.0/lib/bundler/friendly_errors.rb:5:in `with_friendly_errors'  \n/Users/alanmesquita/.rvm/gems/ruby-2.1.0/gems/bundler-1.5.0/bin/bundle:22:in `<top (required)>'  \n/Users/alanmesquita/.rvm/gems/ruby-2.1.0/bin/bundle:23:in `load'  \n/Users/alanmesquita/.rvm/gems/ruby-2.1.0/bin/bundle:23:in `<main>'  \n/Users/alanmesquita/.rvm/gems/ruby-2.1.0/bin/ruby_executable_hooks:15:in `eval'  \n/Users/alanmesquita/.rvm/gems/ruby-2.1.0/bin/ruby_executable_hooks:15:in `<main>'
I, [2014-01-02T17:04:44.479283 #8563]  INFO -- : 0:  tilt (1.4.1) from /Users/alanmesquita/.rvm/gems/ruby-2.1.0/specifications/tilt-1.4.1.gemspec
I, [2014-01-02T17:04:44.500177 #8563]  INFO -- : 0:  haml (4.0.4) from /Users/alanmesquita/.rvm/gems/ruby-2.1.0/specifications/haml-4.0.4.gemspec
I, [2014-01-02T17:04:44.500960 #8563]  INFO -- : 0:  json (1.8.0) from /Users/alanmesquita/.rvm/gems/ruby-2.1.0/specifications/json-1.8.0.gemspec
E, [2014-01-02T17:04:45.709037 #8563] ERROR -- : Gem::Ext::BuildError: ERROR: Failed to build gem native extension.

    /Users/alanmesquita/.rvm/rubies/ruby-2.1.0/bin/ruby extconf.rb --with-mysql-config=/usr/local/mysql/bin/mysql_config
checking for mysql_ssl_set()... *** extconf.rb failed ***
Could not create Makefile due to some reason, probably lack of necessary
libraries and/or headers.  Check the mkmf.log file for more details.  You may
need configuration options.

Provided configuration options:
	--with-opt-dir
	--with-opt-include
	--without-opt-include=${opt-dir}/include
	--with-opt-lib
	--without-opt-lib=${opt-dir}/lib
	--with-make-prog
	--without-make-prog
	--srcdir=.
	--curdir
	--ruby=/Users/alanmesquita/.rvm/rubies/ruby-2.1.0/bin/ruby
	--with-mysql-config
/Users/alanmesquita/.rvm/rubies/ruby-2.1.0/lib/ruby/2.1.0/mkmf.rb:456:in `try_do': The compiler failed to generate an executable file. (RuntimeError)
You have to install development tools first.
	from /Users/alanmesquita/.rvm/rubies/ruby-2.1.0/lib/ruby/2.1.0/mkmf.rb:541:in `try_link0'
	from /Users/alanmesquita/.rvm/rubies/ruby-2.1.0/lib/ruby/2.1.0/mkmf.rb:556:in `try_link'
	from /Users/alanmesquita/.rvm/rubies/ruby-2.1.0/lib/ruby/2.1.0/mkmf.rb:742:in `try_func'
	from /Users/alanmesquita/.rvm/rubies/ruby-2.1.0/lib/ruby/2.1.0/mkmf.rb:1027:in `block in have_func'
	from /Users/alanmesquita/.rvm/rubies/ruby-2.1.0/lib/ruby/2.1.0/mkmf.rb:918:in `block in checking_for'
	from /Users/alanmesquita/.rvm/rubies/ruby-2.1.0/lib/ruby/2.1.0/mkmf.rb:351:in `block (2 levels) in postpone'
	from /Users/alanmesquita/.rvm/rubies/ruby-2.1.0/lib/ruby/2.1.0/mkmf.rb:321:in `open'
	from /Users/alanmesquita/.rvm/rubies/ruby-2.1.0/lib/ruby/2.1.0/mkmf.rb:351:in `block in postpone'
	from /Users/alanmesquita/.rvm/rubies/ruby-2.1.0/lib/ruby/2.1.0/mkmf.rb:321:in `open'
	from /Users/alanmesquita/.rvm/rubies/ruby-2.1.0/lib/ruby/2.1.0/mkmf.rb:347:in `postpone'
	from /Users/alanmesquita/.rvm/rubies/ruby-2.1.0/lib/ruby/2.1.0/mkmf.rb:917:in `checking_for'
	from /Users/alanmesquita/.rvm/rubies/ruby-2.1.0/lib/ruby/2.1.0/mkmf.rb:1026:in `have_func'
	from extconf.rb:45:in `<main>'

extconf failed, exit code 1

Gem files will remain installed in /Users/alanmesquita/.rvm/gems/ruby-2.1.0/gems/mysql-2.9.1 for inspection.
Results logged to /Users/alanmesquita/.rvm/gems/ruby-2.1.0/extensions/x86_64-darwin-12/2.1.0/mysql-2.9.1/gem_make.out

/Users/alanmesquita/.rvm/rubies/ruby-2.1.0/lib/ruby/site_ruby/2.1.0/rubygems/ext/builder.rb:89:in `run'  \n/Users/alanmesquita/.rvm/rubies/ruby-2.1.0/lib/ruby/site_ruby/2.1.0/rubygems/ext/ext_conf_builder.rb:37:in `block in build'  \n/Users/alanmesquita/.rvm/rubies/ruby-2.1.0/lib/ruby/2.1.0/tempfile.rb:324:in `open'  \n/Users/alanmesquita/.rvm/rubies/ruby-2.1.0/lib/ruby/site_ruby/2.1.0/rubygems/ext/ext_conf_builder.rb:17:in `build'  \n/Users/alanmesquita/.rvm/rubies/ruby-2.1.0/lib/ruby/site_ruby/2.1.0/rubygems/ext/builder.rb:161:in `block (2 levels) in build_extension'  \n/Users/alanmesquita/.rvm/rubies/ruby-2.1.0/lib/ruby/site_ruby/2.1.0/rubygems/ext/builder.rb:160:in `chdir'  \n/Users/alanmesquita/.rvm/rubies/ruby-2.1.0/lib/ruby/site_ruby/2.1.0/rubygems/ext/builder.rb:160:in `block in build_extension'  \n/Users/alanmesquita/.rvm/rubies/ruby-2.1.0/lib/ruby/site_ruby/2.1.0/rubygems/ext/builder.rb:159:in `synchronize'  \n/Users/alanmesquita/.rvm/rubies/ruby-2.1.0/lib/ruby/site_ruby/2.1.0/rubygems/ext/builder.rb:159:in `build_extension'  \n/Users/alanmesquita/.rvm/rubies/ruby-2.1.0/lib/ruby/site_ruby/2.1.0/rubygems/ext/builder.rb:198:in `block in build_extensions'  \n/Users/alanmesquita/.rvm/rubies/ruby-2.1.0/lib/ruby/site_ruby/2.1.0/rubygems/ext/builder.rb:195:in `each'  \n/Users/alanmesquita/.rvm/rubies/ruby-2.1.0/lib/ruby/site_ruby/2.1.0/rubygems/ext/builder.rb:195:in `build_extensions'  \n/Users/alanmesquita/.rvm/rubies/ruby-2.1.0/lib/ruby/site_ruby/2.1.0/rubygems/installer.rb:677:in `build_extensions'  \n/Users/alanmesquita/.rvm/rubies/ruby-2.1.0/lib/ruby/site_ruby/2.1.0/rubygems/installer.rb:232:in `install'  \n/Users/alanmesquita/.rvm/gems/ruby-2.1.0/gems/bundler-1.5.0/lib/bundler/source/rubygems.rb:101:in `block in install'  \n/Users/alanmesquita/.rvm/gems/ruby-2.1.0/gems/bundler-1.5.0/lib/bundler/rubygems_integration.rb:118:in `preserve_paths'  \n/Users/alanmesquita/.rvm/gems/ruby-2.1.0/gems/bundler-1.5.0/lib/bundler/source/rubygems.rb:94:in `install'  \n/Users/alanmesquita/.rvm/gems/ruby-2.1.0/gems/bundler-1.5.0/lib/bundler/installer.rb:111:in `block in install_gem_from_spec'  \n/Users/alanmesquita/.rvm/gems/ruby-2.1.0/gems/bundler-1.5.0/lib/bundler/rubygems_integration.rb:150:in `with_build_args'  \n/Users/alanmesquita/.rvm/gems/ruby-2.1.0/gems/bundler-1.5.0/lib/bundler/installer.rb:110:in `install_gem_from_spec'  \n/Users/alanmesquita/.rvm/gems/ruby-2.1.0/gems/bundler-1.5.0/lib/bundler/installer.rb:295:in `block in install_sequentially'  \n/Users/alanmesquita/.rvm/rubies/ruby-2.1.0/lib/ruby/2.1.0/forwardable.rb:183:in `each'  \n/Users/alanmesquita/.rvm/rubies/ruby-2.1.0/lib/ruby/2.1.0/forwardable.rb:183:in `each'  \n/Users/alanmesquita/.rvm/gems/ruby-2.1.0/gems/bundler-1.5.0/lib/bundler/installer.rb:294:in `install_sequentially'  \n/Users/alanmesquita/.rvm/gems/ruby-2.1.0/gems/bundler-1.5.0/lib/bundler/installer.rb:97:in `run'  \n/Users/alanmesquita/.rvm/gems/ruby-2.1.0/gems/bundler-1.5.0/lib/bundler/installer.rb:15:in `install'  \n/Users/alanmesquita/.rvm/gems/ruby-2.1.0/gems/bundler-1.5.0/lib/bundler/cli.rb:257:in `install'  \n/Users/alanmesquita/.rvm/gems/ruby-2.1.0/gems/bundler-1.5.0/lib/bundler/vendor/thor/command.rb:27:in `run'  \n/Users/alanmesquita/.rvm/gems/ruby-2.1.0/gems/bundler-1.5.0/lib/bundler/vendor/thor/invocation.rb:120:in `invoke_command'  \n/Users/alanmesquita/.rvm/gems/ruby-2.1.0/gems/bundler-1.5.0/lib/bundler/vendor/thor.rb:363:in `dispatch'  \n/Users/alanmesquita/.rvm/gems/ruby-2.1.0/gems/bundler-1.5.0/lib/bundler/vendor/thor/base.rb:438:in `start'  \n/Users/alanmesquita/.rvm/gems/ruby-2.1.0/gems/bundler-1.5.0/lib/bundler/cli.rb:10:in `start'  \n/Users/alanmesquita/.rvm/gems/ruby-2.1.0/gems/bundler-1.5.0/bin/bundle:22:in `block in <top (required)>'  \n/Users/alanmesquita/.rvm/gems/ruby-2.1.0/gems/bundler-1.5.0/lib/bundler/friendly_errors.rb:5:in `with_friendly_errors'  \n/Users/alanmesquita/.rvm/gems/ruby-2.1.0/gems/bundler-1.5.0/bin/bundle:22:in `<top (required)>'  \n/Users/alanmesquita/.rvm/gems/ruby-2.1.0/bin/bundle:23:in `load'  \n/Users/alanmesquita/.rvm/gems/ruby-2.1.0/bin/bundle:23:in `<main>'  \n/Users/alanmesquita/.rvm/gems/ruby-2.1.0/bin/ruby_executable_hooks:15:in `eval'  \n/Users/alanmesquita/.rvm/gems/ruby-2.1.0/bin/ruby_executable_hooks:15:in `<main>'
I, [2014-01-02T17:05:19.097299 #8913]  INFO -- : 0:  tilt (1.4.1) from /Users/alanmesquita/.rvm/gems/ruby-2.1.0/specifications/tilt-1.4.1.gemspec
I, [2014-01-02T17:05:19.098043 #8913]  INFO -- : 0:  haml (4.0.4) from /Users/alanmesquita/.rvm/gems/ruby-2.1.0/specifications/haml-4.0.4.gemspec
I, [2014-01-02T17:05:19.098504 #8913]  INFO -- : 0:  json (1.8.0) from /Users/alanmesquita/.rvm/gems/ruby-2.1.0/specifications/json-1.8.0.gemspec
I, [2014-01-02T17:05:19.099013 #8913]  INFO -- : 0:  mysql2 (0.3.14) from /Users/alanmesquita/.rvm/gems/ruby-2.1.0/specifications/mysql2-0.3.14.gemspec
I, [2014-01-02T17:05:19.099584 #8913]  INFO -- : 0:  rack (1.5.2) from /Users/alanmesquita/.rvm/gems/ruby-2.1.0/specifications/rack-1.5.2.gemspec
I, [2014-01-02T17:05:19.100082 #8913]  INFO -- : 0:  rack-protection (1.5.1) from /Users/alanmesquita/.rvm/gems/ruby-2.1.0/specifications/rack-protection-1.5.1.gemspec
I, [2014-01-02T17:05:19.102877 #8913]  INFO -- : 0:  sinatra (1.4.4) from /Users/alanmesquita/.rvm/gems/ruby-2.1.0/specifications/sinatra-1.4.4.gemspec
I, [2014-01-02T17:05:19.103396 #8913]  INFO -- : 0:  bundler (1.5.0) from /Users/alanmesquita/.rvm/gems/ruby-2.1.0/specifications/bundler-1.5.0.gemspec
I, [2014-01-02T17:11:04.270133 #10597]  INFO -- : 0:  tilt (1.4.1) from /Users/alanmesquita/.rvm/gems/ruby-2.1.0/specifications/tilt-1.4.1.gemspec
I, [2014-01-02T17:11:04.282532 #10597]  INFO -- : 0:  haml (4.0.4) from /Users/alanmesquita/.rvm/gems/ruby-2.1.0/specifications/haml-4.0.4.gemspec
I, [2014-01-02T17:11:04.283295 #10597]  INFO -- : 0:  json (1.8.0) from /Users/alanmesquita/.rvm/gems/ruby-2.1.0/specifications/json-1.8.0.gemspec
I, [2014-01-02T17:11:04.283998 #10597]  INFO -- : 0:  mysql (2.9.1) from /Users/alanmesquita/.rvm/gems/ruby-2.1.0/specifications/mysql-2.9.1.gemspec
I, [2014-01-02T17:11:04.284587 #10597]  INFO -- : 0:  rack (1.5.2) from /Users/alanmesquita/.rvm/gems/ruby-2.1.0/specifications/rack-1.5.2.gemspec
I, [2014-01-02T17:11:04.285103 #10597]  INFO -- : 0:  rack-protection (1.5.1) from /Users/alanmesquita/.rvm/gems/ruby-2.1.0/specifications/rack-protection-1.5.1.gemspec
I, [2014-01-02T17:11:04.285616 #10597]  INFO -- : 0:  sinatra (1.4.4) from /Users/alanmesquita/.rvm/gems/ruby-2.1.0/specifications/sinatra-1.4.4.gemspec
I, [2014-01-02T17:11:04.286099 #10597]  INFO -- : 0:  bundler (1.5.0) from /Users/alanmesquita/.rvm/gems/ruby-2.1.0/specifications/bundler-1.5.0.gemspec
